<?xml version="1.0" encoding="UTF-8"?>
<!-- Generated by org.testng.reporters.JUnitReportReporter -->
<testsuite skipped="0" hostname="DML-EKHAN1" name="com.mobile.framework.testCases.TestServiceAndSolutionsPage" tests="1" failures="0" timestamp="21 Dec 2017 02:20:06 GMT" time="7.269" errors="0">
  <testcase name="testVerifyserviceAndSolutionsPage" time="7.269" classname="com.mobile.framework.testCases.TestServiceAndSolutionsPage"/>
</testsuite> <!-- com.mobile.framework.testCases.TestServiceAndSolutionsPage -->
