<?xml version="1.0" encoding="UTF-8"?>
<!-- Generated by org.testng.reporters.JUnitReportReporter -->
<testsuite skipped="0" hostname="DML-EKHAN1" name="com.mobile.focus.testCase.FocusLogin_TestCase" tests="1" failures="0" timestamp="07 Dec 2017 15:11:20 GMT" time="12.200" errors="0">
  <testcase name="loginTestCase" time="12.200" classname="com.mobile.focus.testCase.FocusLogin_TestCase"/>
</testsuite> <!-- com.mobile.focus.testCase.FocusLogin_TestCase -->
