<?xml version="1.0" encoding="UTF-8"?>
<!-- Generated by org.testng.reporters.JUnitReportReporter -->
<testsuite skipped="0" hostname="DML-EKHAN1" name="com.mobile.framework.testCases.TestSearchPage" tests="1" failures="0" timestamp="21 Dec 2017 02:20:06 GMT" time="15.169" errors="0">
  <testcase name="testCaseSearch" time="15.169" classname="com.mobile.framework.testCases.TestSearchPage"/>
</testsuite> <!-- com.mobile.framework.testCases.TestSearchPage -->
